Determining if the pthread_create exist failed with the following output:
Change Dir: /home/workspace/c3-project/CMakeFiles/CMakeTmp

Run Build Command:"/usr/bin/make" "cmTC_cb154/fast"
/usr/bin/make -f CMakeFiles/cmTC_cb154.dir/build.make CMakeFiles/cmTC_cb154.dir/build
make[1]: Entering directory '/home/workspace/c3-project/CMakeFiles/CMakeTmp'
Building C object CMakeFiles/cmTC_cb154.dir/CheckSymbolExists.c.o
/usr/bin/cc    -o CMakeFiles/cmTC_cb154.dir/CheckSymbolExists.c.o   -c /home/workspace/c3-project/CMakeFiles/CMakeTmp/CheckSymbolExists.c
Linking C executable cmTC_cb154
/usr/local/bin/cmake -E cmake_link_script CMakeFiles/cmTC_cb154.dir/link.txt --verbose=1
/usr/bin/cc      CMakeFiles/cmTC_cb154.dir/CheckSymbolExists.c.o  -o cmTC_cb154 
CMakeFiles/cmTC_cb154.dir/CheckSymbolExists.c.o: In function `main':
CheckSymbolExists.c:(.text+0x1b): undefined reference to `pthread_create'
collect2: error: ld returned 1 exit status
CMakeFiles/cmTC_cb154.dir/build.make:86: recipe for target 'cmTC_cb154' failed
make[1]: *** [cmTC_cb154] Error 1
make[1]: Leaving directory '/home/workspace/c3-project/CMakeFiles/CMakeTmp'
Makefile:121: recipe for target 'cmTC_cb154/fast' failed
make: *** [cmTC_cb154/fast] Error 2

File /home/workspace/c3-project/CMakeFiles/CMakeTmp/CheckSymbolExists.c:
/* */
#include <pthread.h>

int main(int argc, char** argv)
{
  (void)argv;
#ifndef pthread_create
  return ((int*)(&pthread_create))[argc];
#else
  (void)argc;
  return 0;
#endif
}

Determining if the function pthread_create exists in the pthreads failed with the following output:
Change Dir: /home/workspace/c3-project/CMakeFiles/CMakeTmp

Run Build Command:"/usr/bin/make" "cmTC_7e1b0/fast"
/usr/bin/make -f CMakeFiles/cmTC_7e1b0.dir/build.make CMakeFiles/cmTC_7e1b0.dir/build
make[1]: Entering directory '/home/workspace/c3-project/CMakeFiles/CMakeTmp'
Building C object CMakeFiles/cmTC_7e1b0.dir/CheckFunctionExists.c.o
/usr/bin/cc   -DCHECK_FUNCTION_EXISTS=pthread_create   -o CMakeFiles/cmTC_7e1b0.dir/CheckFunctionExists.c.o   -c /usr/local/share/cmake-3.13/Modules/CheckFunctionExists.c
Linking C executable cmTC_7e1b0
/usr/local/bin/cmake -E cmake_link_script CMakeFiles/cmTC_7e1b0.dir/link.txt --verbose=1
/usr/bin/cc  -DCHECK_FUNCTION_EXISTS=pthread_create    CMakeFiles/cmTC_7e1b0.dir/CheckFunctionExists.c.o  -o cmTC_7e1b0 -lpthreads 
/usr/bin/ld: cannot find -lpthreads
collect2: error: ld returned 1 exit status
CMakeFiles/cmTC_7e1b0.dir/build.make:86: recipe for target 'cmTC_7e1b0' failed
make[1]: *** [cmTC_7e1b0] Error 1
make[1]: Leaving directory '/home/workspace/c3-project/CMakeFiles/CMakeTmp'
Makefile:121: recipe for target 'cmTC_7e1b0/fast' failed
make: *** [cmTC_7e1b0/fast] Error 2


